                                                                   ______      __    ____  ____          
                                                                  / ____/___  / /___/ /  |/  (_)___  ___ 
                                                                 / / __/ __ \/ / __  / /|_/ / / __ \/ _ \
                                                                / /_/ / /_/ / / /_/ / /  / / / / / /  __/
                                                                \____/\____/_/\__,_/_/  /_/_/_/ /_/\___/ 
                                                                                                         

[1m[96m[92m[INFO]--> User specified assertion file does not exist. Continuing with auto-generated assertions[0m 
[1m[96m[92m[INFO]--> No Mining Engine specified. Engine specified in the goldmine.cfg will be used[0m 
[1m[90m[93m[WARN]--> VCS Executable Not Found.[0m 
[1m[90m[93m[WARN]--> IFV Executable Not Found. Assertion Verification won't be possible.[0m 
                                                                     ###############################                                                                      
                                                                     ##  Mining for design: arb2  ##                                                                      
                                                                     ###############################                                                                      
                                                                     ____                  _            
                                                                    / __ \____ ___________(_)___  ____ _
                                                                   / /_/ / __ `/ ___/ ___/ / __ \/ __ `/
                                                                  / ____/ /_/ / /  (__  ) / / / / /_/ / 
                                                                 /_/    \__,_/_/  /____/_/_/ /_/\__, /  
                                                                                               /____/   

Parsing: arb2.v...


                                                            ________      __                     __  _            
                                                           / ____/ /___ _/ /_  ____  _________ _/ /_(_)___  ____ _
                                                          / __/ / / __ `/ __ \/ __ \/ ___/ __ `/ __/ / __ \/ __ `/
                                                         / /___/ / /_/ / /_/ / /_/ / /  / /_/ / /_/ / / / / /_/ / 
                                                        /_____/_/\__,_/_.___/\____/_/   \__,_/\__/_/_/ /_/\__, /  
                                                                                                         /____/   

Elaborating: arb2
                                                                       __    _       __   _            
                                                                      / /   (_)___  / /__(_)___  ____ _
                                                                     / /   / / __ \/ //_/ / __ \/ __ `/
                                                                    / /___/ / / / / ,< / / / / / /_/ / 
                                                                   /_____/_/_/ /_/_/|_/_/_/ /_/\__, /  
                                                                                              /____/   

                                                                ______   ____              __   _            
                                                               / ____/  / __ \____ _____  / /__(_)___  ____ _
                                                              / /      / /_/ / __ `/ __ \/ //_/ / __ \/ __ `/
                                                             / /___   / _, _/ /_/ / / / / ,< / / / / / /_/ / 
                                                             \____/  /_/ |_|\__,_/_/ /_/_/|_/_/_/ /_/\__, /  
                                                                                                    /____/   

Statically analyzing target variable: gnt2
Statically analyzing target variable: gnt1


[1m[96m[92m[INFO]--> Total time for parsing, ranking: 0:00:01.173791[0m 
[1m[96m[92m[INFO]--> Peak Memory Usage for parsing, ranking: 839.47 MB[0m 
                                                                       _____             _            
                                                                      / ___/____ __   __(_)___  ____ _
                                                                      \__ \/ __ `/ | / / / __ \/ __ `/
                                                                     ___/ / /_/ /| |/ / / / / / /_/ / 
                                                                    /____/\__,_/ |___/_/_/ /_/\__, /  
                                                                                             /____/   

Saving static analysis info for: arb2


Saving static analysis info for complete: arb2
Saving cone for the target variable: gnt2
Saving cone for the target variable: gnt1
                                                                   ____        __           ______         
                                                                  / __ \____ _/ /_____ _   / ____/__  ____ 
                                                                 / / / / __ `/ __/ __ `/  / / __/ _ \/ __ \
                                                                / /_/ / /_/ / /_/ /_/ /  / /_/ /  __/ / / /
                                                               /_____/\__,_/\__/\__,_/   \____/\___/_/ /_/ 
                                                                                                           

[1m[96m[92m[INFO]--> Simulating with: iverilog[0m 


[1m[96m[92m[INFO]--> Compile Time: 0:00:01.007909[0m 
[1m[96m[92m[INFO]--> Compile Memory Usage: 3.58 MB[0m 


[1m[96m[92m[INFO]--> Run Time: 0:00:01.007909[0m 
[1m[96m[92m[INFO]--> Run Memory Usage: 3.61 MB[0m 


                                                                      ____     ____                     
                                                                     / __ \   / __ \____ ______________ 
                                                                    / / / /  / /_/ / __ `/ ___/ ___/ _ \
                                                                   / /_/ /  / ____/ /_/ / /  (__  )  __/
                                                                  /_____/  /_/    \__,_/_/  /____/\___/ 
                                                                                                        

[1m[96m[92m[INFO]--> Parsing VCD file: /opt/goldmine/RunTime/goldmine.out/arb2/arb2.vcd[0m 


[1m[90m[93m[WARN]--> Intermodular assertion parsing requested. Proecssing will be significantly slow due to intermodular data parsing...[0m 
[1m[96m[92m[INFO]--> Parsing VCD file generated on: Mon Oct  7 12:35:57 2024[0m 
[1m[96m[92m[INFO]--> VCD file created by the tool: Icarus Verilog[0m 
[1m[96m[92m[INFO]--> Design was simulated using timescale: 1ps[0m 


[1m[96m[92m[INFO]--> Parsing trace data[0m 
[1m[96m[92m[INFO]--> Creating time shifted data for Sequential circuit type[0m 




[1m[96m[92m[INFO]--> Converting time shifted mine data in dataframes[0m 


[1m[96m[92m[INFO]--> Validating simulation data[0m 
[1m[96m[92m[INFO]--> Number of added unique data examples: 16[0m 
[1m[96m[92m[INFO]--> Number of valid examples: 16[0m 
[1m[96m[92m[INFO]--> Number of invalid examples: 0[0m 


[1m[96m[92m[INFO]--> Total time to parse VCD file: 0:00:00.167857[0m 
                                                                         __  ____       _            
                                                                        /  |/  (_)___  (_)___  ____ _
                                                                       / /|_/ / / __ \/ / __ \/ __ `/
                                                                      / /  / / / / / / / / / / /_/ / 
                                                                     /_/  /_/_/_/ /_/_/_/ /_/\__, /  
                                                                                            /____/   

[1m[96m[92m[INFO]--> Engine used for mining: prism[0m 


                                                                   ###################################                                                                    
                                                                   ##  Mining for target :--> gnt2  ##                                                                    
                                                                   ###################################                                                                    
[1m[96m[92m[INFO]--> Constructing target specific data frame for mining..[0m 
[1m[96m[92m[INFO]--> Number of added unique data examples: 16[0m 
[1m[96m[92m[INFO]--> Number of valid examples: 16[0m 
[1m[96m[92m[INFO]--> Number of invalid examples: 0[0m 


[1m[96m[92m[INFO]--> Formal verification of mined assertions was skipped as per user request[0m 
                                                                ___       ____              __   _            
                                                               /   |     / __ \____ _____  / /__(_)___  ____ _
                                                              / /| |    / /_/ / __ `/ __ \/ //_/ / __ \/ __ `/
                                                             / ___ |   / _, _/ /_/ / / / / ,< / / / / / /_/ / 
                                                            /_/  |_|  /_/ |_|\__,_/_/ /_/_/|_/_/_/ /_/\__, /  
                                                                                                     /____/   



                                                                   ###################################                                                                    
                                                                   ##  Mining for target :--> gnt1  ##                                                                    
                                                                   ###################################                                                                    
[1m[96m[92m[INFO]--> Constructing target specific data frame for mining..[0m 
[1m[96m[92m[INFO]--> Number of added unique data examples: 16[0m 
[1m[96m[92m[INFO]--> Number of valid examples: 16[0m 
[1m[96m[92m[INFO]--> Number of invalid examples: 0[0m 


[1m[96m[92m[INFO]--> Formal verification of mined assertions was skipped as per user request[0m 
                                                                ___       ____              __   _            
                                                               /   |     / __ \____ _____  / /__(_)___  ____ _
                                                              / /| |    / /_/ / __ `/ __ \/ //_/ / __ \/ __ `/
                                                             / ___ |   / _, _/ /_/ / / / / ,< / / / / / /_/ / 
                                                            /_/  |_|  /_/ |_|\__,_/_/ /_/_/|_/_/_/ /_/\__, /  
                                                                                                     /____/   

[1m[96m[92m[INFO]--> Total time to mine: 0:00:01.348250[0m 


[1m[96m[92m[INFO]--> Total Run Time: 0:00:11.820036[0m 
